<?xml version="1.0" encoding="UTF-8"?>
<!-- Generated by org.testng.reporters.JUnitXMLReporter -->
<testsuite ignored="0" hostname="Shiva" failures="1" tests="1" name="Default test(failed)(failed)(failed)" time="3.372" errors="0" timestamp="2025-07-27T17:33:03 IST">
  <testcase classname="api.test.UserTest" name="testPostUser" time="3.186">
    <failure type="java.lang.AssertionError" message="expected [200] but found [404]">
      <![CDATA[java.lang.AssertionError: expected [200] but found [404]
at api.test.UserTest.testPostUser(UserTest.java:40)
at java.base/java.util.ArrayList.forEach(ArrayList.java:1597)
... Removed 32 stack frames]]>
    </failure>
  </testcase> <!-- testPostUser -->
</testsuite> <!-- Default test(failed)(failed)(failed) -->
