<?xml version="1.0" encoding="UTF-8"?>
<testng-results ignored="0" total="1" passed="1" failed="0" skipped="0">
  <reporter-output>
  </reporter-output>
  <suite started-at="2023-07-14T11:26:25 IST" name="Default suite" finished-at="2023-07-14T11:26:27 IST" duration-ms="1456">
    <groups>
    </groups>
    <test started-at="2023-07-14T11:26:25 IST" name="Default test" finished-at="2023-07-14T11:26:27 IST" duration-ms="1456">
      <class name="com.qa.tests.PostAPITest">
        <test-method is-config="true" signature="setUp()[pri:0, instance:com.qa.tests.PostAPITest@6cd28fa7]" started-at="2023-07-14T11:26:25 IST" name="setUp" finished-at="2023-07-14T11:26:25 IST" duration-ms="16" status="PASS">
          <reporter-output>
          </reporter-output>
        </test-method> <!-- setUp -->
        <test-method signature="postApiTest()[pri:0, instance:com.qa.tests.PostAPITest@6cd28fa7]" started-at="2023-07-14T11:26:25 IST" name="postApiTest" finished-at="2023-07-14T11:26:27 IST" duration-ms="1355" status="PASS">
          <reporter-output>
          </reporter-output>
        </test-method> <!-- postApiTest -->
      </class> <!-- com.qa.tests.PostAPITest -->
    </test> <!-- Default test -->
  </suite> <!-- Default suite -->
</testng-results>
