<?xml version="1.0" encoding="UTF-8"?>
<testng-results ignored="0" total="1" passed="1" failed="0" skipped="0">
  <reporter-output>
  </reporter-output>
  <suite started-at="2025-07-27T19:09:42 IST" name="Default suite" finished-at="2025-07-27T19:09:42 IST" duration-ms="95">
    <groups>
    </groups>
    <test started-at="2025-07-27T19:09:42 IST" name="Default test" finished-at="2025-07-27T19:09:42 IST" duration-ms="95">
      <class name="api.test.UserTestUsingExcel">
        <test-method signature="createUser()[pri:1, instance:api.test.UserTestUsingExcel@1500b2f3]" started-at="2025-07-27T19:09:42 IST" name="createUser" finished-at="2025-07-27T19:09:42 IST" duration-ms="31" status="PASS">
          <reporter-output>
          </reporter-output>
        </test-method> <!-- createUser -->
      </class> <!-- api.test.UserTestUsingExcel -->
    </test> <!-- Default test -->
  </suite> <!-- Default suite -->
</testng-results>
